# JRE version: OpenJDK Runtime Environment (Zulu11.37+17-CA) (11.0.6+10) (build 11.0.6+10-LTS)
# Java VM: OpenJDK 64-Bit Server VM (11.0.6+10-LTS, mixed mode, tiered, compressed oops, g1 gc, linux-amd64)
Heap:
 garbage-first heap   total 589824K, used 361897K [0x0000000082000000, 0x0000000800000000)
  region size 4096K, 48 young (196608K), 2 survivors (8192K)
 Metaspace       used 56977K, capacity 58258K, committed 58496K, reserved 1101824K
  class space    used 5934K, capacity 6435K, committed 6528K, reserved 1048576K
GC Heap History (20 events):
Event: 2353,018 GC heap before
{Heap before GC invocations=59 (full 14):
 garbage-first heap   total 589824K, used 271854K [0x0000000082000000, 0x0000000800000000)
  region size 4096K, 25 young (102400K), 0 survivors (0K)
 Metaspace       used 56480K, capacity 57786K, committed 58240K, reserved 1101824K
  class space    used 5902K, capacity 6394K, committed 6528K, reserved 1048576K
}
Event: 2353,102 GC heap after
{Heap after GC invocations=60 (full 15):
 garbage-first heap   total 589824K, used 173377K [0x0000000082000000, 0x0000000800000000)
  region size 4096K, 0 young (0K), 0 survivors (0K)
 Metaspace       used 56480K, capacity 57786K, committed 58240K, reserved 1101824K
  class space    used 5902K, capacity 6394K, committed 6528K, reserved 1048576K
}
Event: 2399,113 GC heap before
{Heap before GC invocations=60 (full 15):
 garbage-first heap   total 589824K, used 476481K [0x0000000082000000, 0x0000000800000000)
  region size 4096K, 74 young (303104K), 0 survivors (0K)
 Metaspace       used 56495K, capacity 57786K, committed 58240K, reserved 1101824K
  class space    used 5902K, capacity 6394K, committed 6528K, reserved 1048576K
}
Event: 2399,114 GC heap after
{Heap after GC invocations=61 (full 15):
 garbage-first heap   total 589824K, used 174273K [0x0000000082000000, 0x0000000800000000)
  region size 4096K, 1 young (4096K), 1 survivors (4096K)
 Metaspace       used 56495K, capacity 57786K, committed 58240K, reserved 1101824K
  class space    used 5902K, capacity 6394K, committed 6528K, reserved 1048576K
}
Event: 2409,298 GC heap before
{Heap before GC invocations=61 (full 15):
 garbage-first heap   total 589824K, used 284865K [0x0000000082000000, 0x0000000800000000)
  region size 4096K, 29 young (118784K), 1 survivors (4096K)
 Metaspace       used 56500K, capacity 57786K, committed 58240K, reserved 1101824K
  class space    used 5902K, capacity 6394K, committed 6528K, reserved 1048576K
}
Event: 2409,380 GC heap after
{Heap after GC invocations=62 (full 16):
 garbage-first heap   total 589824K, used 173349K [0x0000000082000000, 0x0000000800000000)
  region size 4096K, 0 young (0K), 0 survivors (0K)
 Metaspace       used 56500K, capacity 57786K, committed 58240K, reserved 1101824K
  class space    used 5902K, capacity 6394K, committed 6528K, reserved 1048576K
}
Event: 2494,214 GC heap before
{Heap before GC invocations=62 (full 16):
 garbage-first heap   total 589824K, used 476453K [0x0000000082000000, 0x0000000800000000)
  region size 4096K, 75 young (307200K), 0 survivors (0K)
 Metaspace       used 56545K, capacity 57798K, committed 58240K, reserved 1101824K
  class space    used 5903K, capacity 6395K, committed 6528K, reserved 1048576K
}
Event: 2494,217 GC heap after
{Heap after GC invocations=63 (full 16):
 garbage-first heap   total 589824K, used 179420K [0x0000000082000000, 0x0000000800000000)
  region size 4096K, 2 young (8192K), 2 survivors (8192K)
 Metaspace       used 56545K, capacity 57798K, committed 58240K, reserved 1101824K
  class space    used 5903K, capacity 6395K, committed 6528K, reserved 1048576K
}
Event: 2494,385 GC heap before
{Heap before GC invocations=63 (full 16):
 garbage-first heap   total 589824K, used 478428K [0x0000000082000000, 0x0000000800000000)
  region size 4096K, 76 young (311296K), 2 survivors (8192K)
 Metaspace       used 56561K, capacity 57865K, committed 58240K, reserved 1101824K
  class space    used 5904K, capacity 6396K, committed 6528K, reserved 1048576K
}
Event: 2494,388 GC heap after
{Heap after GC invocations=64 (full 16):
 garbage-first heap   total 589824K, used 183757K [0x0000000082000000, 0x0000000800000000)
  region size 4096K, 3 young (12288K), 3 survivors (12288K)
 Metaspace       used 56561K, capacity 57865K, committed 58240K, reserved 1101824K
  class space    used 5904K, capacity 6396K, committed 6528K, reserved 1048576K
}
Event: 2494,628 GC heap before
{Heap before GC invocations=64 (full 16):
 garbage-first heap   total 589824K, used 478669K [0x0000000082000000, 0x0000000800000000)
  region size 4096K, 76 young (311296K), 3 survivors (12288K)
 Metaspace       used 56576K, capacity 57868K, committed 58240K, reserved 1101824K
  class space    used 5904K, capacity 6396K, committed 6528K, reserved 1048576K
}
Event: 2494,630 GC heap after
{Heap after GC invocations=65 (full 16):
 garbage-first heap   total 589824K, used 182063K [0x0000000082000000, 0x0000000800000000)
  region size 4096K, 3 young (12288K), 3 survivors (12288K)
 Metaspace       used 56576K, capacity 57868K, committed 58240K, reserved 1101824K
  class space    used 5904K, capacity 6396K, committed 6528K, reserved 1048576K
}
Event: 2494,822 GC heap before
{Heap before GC invocations=65 (full 16):
 garbage-first heap   total 589824K, used 493359K [0x0000000082000000, 0x0000000800000000)
  region size 4096K, 77 young (315392K), 3 survivors (12288K)
 Metaspace       used 56695K, capacity 57942K, committed 58240K, reserved 1101824K
  class space    used 5906K, capacity 6397K, committed 6528K, reserved 1048576K
}
Event: 2494,827 GC heap after
{Heap after GC invocations=66 (full 16):
 garbage-first heap   total 589824K, used 191198K [0x0000000082000000, 0x0000000800000000)
  region size 4096K, 5 young (20480K), 5 survivors (20480K)
 Metaspace       used 56695K, capacity 57942K, committed 58240K, reserved 1101824K
  class space    used 5906K, capacity 6397K, committed 6528K, reserved 1048576K
}
Event: 2498,286 GC heap before
{Heap before GC invocations=66 (full 16):
 garbage-first heap   total 589824K, used 482014K [0x0000000082000000, 0x0000000800000000)
  region size 4096K, 77 young (315392K), 5 survivors (20480K)
 Metaspace       used 56909K, capacity 58250K, committed 58496K, reserved 1101824K
  class space    used 5933K, capacity 6434K, committed 6528K, reserved 1048576K
}
Event: 2498,291 GC heap after
{Heap after GC invocations=67 (full 16):
 garbage-first heap   total 589824K, used 188322K [0x0000000082000000, 0x0000000800000000)
  region size 4096K, 4 young (16384K), 4 survivors (16384K)
 Metaspace       used 56909K, capacity 58250K, committed 58496K, reserved 1101824K
  class space    used 5933K, capacity 6434K, committed 6528K, reserved 1048576K
}
Event: 2508,984 GC heap before
{Heap before GC invocations=67 (full 16):
 garbage-first heap   total 589824K, used 311202K [0x0000000082000000, 0x0000000800000000)
  region size 4096K, 35 young (143360K), 4 survivors (16384K)
 Metaspace       used 56944K, capacity 58250K, committed 58496K, reserved 1101824K
  class space    used 5933K, capacity 6434K, committed 6528K, reserved 1048576K
}
Event: 2509,075 GC heap after
{Heap after GC invocations=68 (full 17):
 garbage-first heap   total 589824K, used 174449K [0x0000000082000000, 0x0000000800000000)
  region size 4096K, 0 young (0K), 0 survivors (0K)
 Metaspace       used 56944K, capacity 58250K, committed 58496K, reserved 1101824K
  class space    used 5933K, capacity 6434K, committed 6528K, reserved 1048576K
}
Event: 2538,621 GC heap before
{Heap before GC invocations=68 (full 17):
 garbage-first heap   total 589824K, used 477553K [0x0000000082000000, 0x0000000800000000)
  region size 4096K, 75 young (307200K), 0 survivors (0K)
 Metaspace       used 56976K, capacity 58258K, committed 58496K, reserved 1101824K
  class space    used 5934K, capacity 6435K, committed 6528K, reserved 1048576K
}
Event: 2538,624 GC heap after
{Heap after GC invocations=69 (full 17):
 garbage-first heap   total 589824K, used 181673K [0x0000000082000000, 0x0000000800000000)
  region size 4096K, 2 young (8192K), 2 survivors (8192K)
 Metaspace       used 56976K, capacity 58258K, committed 58496K, reserved 1101824K
  class space    used 5934K, capacity 6435K, committed 6528K, reserved 1048576K
}

